<?xml version="1.0" encoding="UTF-8"?>
<!-- Generated by org.testng.reporters.JUnitReportReporter -->
<testsuite hostname="CIS2139VMRDS" name="com.avnet.emasia.webquote.entity.MoneyTest" tests="7" failures="0" timestamp="13 Sep 2018 08:11:59 GMT" time="127.352" errors="0">
  <testcase name="test3" time="1.093" classname="com.avnet.emasia.webquote.entity.MoneyTest"/>
  <testcase name="test2" time="12.440" classname="com.avnet.emasia.webquote.entity.MoneyTest"/>
  <testcase name="test6" time="0.250" classname="com.avnet.emasia.webquote.entity.MoneyTest"/>
  <testcase name="test7" time="5.352" classname="com.avnet.emasia.webquote.entity.MoneyTest"/>
  <testcase name="test5" time="0.500" classname="com.avnet.emasia.webquote.entity.MoneyTest"/>
  <testcase name="test1" time="107.514" classname="com.avnet.emasia.webquote.entity.MoneyTest"/>
  <testcase name="test4" time="0.203" classname="com.avnet.emasia.webquote.entity.MoneyTest"/>
</testsuite> <!-- com.avnet.emasia.webquote.entity.MoneyTest -->
