<?xml version="1.0" encoding="UTF-8"?>
<!-- Generated by org.testng.reporters.JUnitReportReporter -->
<testsuite hostname="CIS2139VMRDS" name="com.avnet.emasia.webquote.entity.ManufacturerDetailTest" tests="1" failures="0" timestamp="11 Oct 2018 07:47:36 GMT" time="0.003" errors="0">
  <testcase name="fillInTest" time="0.003" classname="com.avnet.emasia.webquote.entity.ManufacturerDetailTest"/>
</testsuite> <!-- com.avnet.emasia.webquote.entity.ManufacturerDetailTest -->
