<?xml version="1.0" encoding="UTF-8"?>
<!-- Generated by org.testng.reporters.JUnitReportReporter -->
<testsuite hostname="CIS2139VMRDS" name="com.avnet.emasia.webquote.entity.ManufacturerTest" tests="1" failures="0" timestamp="11 Oct 2018 07:47:36 GMT" time="0.001" errors="0">
  <testcase name="getManufacturerDetailTest" time="0.001" classname="com.avnet.emasia.webquote.entity.ManufacturerTest"/>
</testsuite> <!-- com.avnet.emasia.webquote.entity.ManufacturerTest -->
