<?xml version="1.0" encoding="UTF-8"?>
<!-- Generated by org.testng.reporters.JUnitReportReporter -->
<testsuite hostname="CIS2139VMRDS" name="com.avnet.emasia.webquote.entity.CostIndicatorTest" tests="2" failures="0" timestamp="11 Oct 2018 07:47:36 GMT" time="0.064" errors="0">
  <testcase name="applyTest1" time="0.013" classname="com.avnet.emasia.webquote.entity.CostIndicatorTest"/>
  <testcase name="applyTest2" time="0.051" classname="com.avnet.emasia.webquote.entity.CostIndicatorTest"/>
</testsuite> <!-- com.avnet.emasia.webquote.entity.CostIndicatorTest -->
