<?xml version="1.0" encoding="UTF-8"?>
<!-- Generated by org.testng.reporters.JUnitReportReporter -->
<testsuite hostname="CIS2139VMRDS" name="com.avnet.emasia.webquote.entity.MoneyTest" tests="7" failures="0" timestamp="11 Oct 2018 07:47:36 GMT" time="0.003" errors="0">
  <testcase name="test5" time="0.001" classname="com.avnet.emasia.webquote.entity.MoneyTest"/>
  <testcase name="test7" time="0.001" classname="com.avnet.emasia.webquote.entity.MoneyTest"/>
  <testcase name="test6" time="0.000" classname="com.avnet.emasia.webquote.entity.MoneyTest"/>
  <testcase name="test3" time="0.000" classname="com.avnet.emasia.webquote.entity.MoneyTest"/>
  <testcase name="test2" time="0.001" classname="com.avnet.emasia.webquote.entity.MoneyTest"/>
  <testcase name="test1" time="0.000" classname="com.avnet.emasia.webquote.entity.MoneyTest"/>
  <testcase name="test4" time="0.000" classname="com.avnet.emasia.webquote.entity.MoneyTest"/>
</testsuite> <!-- com.avnet.emasia.webquote.entity.MoneyTest -->
