<?xml version="1.0" encoding="UTF-8"?>
<!-- Generated by org.testng.reporters.JUnitReportReporter -->
<testsuite hostname="CIS2139VMRDS" name="com.avnet.emasia.webquote.entity.MaterialRegionalTest" tests="5" failures="0" timestamp="11 Oct 2018 07:47:36 GMT" time="0.004" errors="0">
  <testcase name="getMaterialRegaionalTest2" time="0.001" classname="com.avnet.emasia.webquote.entity.MaterialRegionalTest"/>
  <testcase name="getManufacturerDetailTest2" time="0.001" classname="com.avnet.emasia.webquote.entity.MaterialRegionalTest"/>
  <testcase name="getMaterialRegaionalTest" time="0.001" classname="com.avnet.emasia.webquote.entity.MaterialRegionalTest"/>
  <testcase name="fillInPricerTest" time="0.001" classname="com.avnet.emasia.webquote.entity.MaterialRegionalTest"/>
  <testcase name="getManufacturerDetailTest" time="0.000" classname="com.avnet.emasia.webquote.entity.MaterialRegionalTest"/>
</testsuite> <!-- com.avnet.emasia.webquote.entity.MaterialRegionalTest -->
