<?xml version="1.0" encoding="UTF-8"?>
<!-- Generated by org.testng.reporters.JUnitReportReporter -->
<testsuite hostname="CIS2139VMRDS" name="com.avnet.emasia.webquote.entity.BizUnitTest" tests="1" failures="0" timestamp="11 Oct 2018 07:47:36 GMT" time="0.029" errors="0">
  <testcase name="findMaterial" time="0.029" classname="com.avnet.emasia.webquote.entity.BizUnitTest"/>
</testsuite> <!-- com.avnet.emasia.webquote.entity.BizUnitTest -->
