<?xml version="1.0" encoding="UTF-8"?>
<!-- Generated by org.testng.reporters.JUnitReportReporter -->
<testsuite hostname="CIS2139VMRDS" name="com.avnet.emasia.webquote.entity.PricerTest" tests="14" failures="0" timestamp="11 Oct 2018 07:47:36 GMT" time="0.011" errors="0">
  <testcase name="isCustomerMatchedTest1" time="0.000" classname="com.avnet.emasia.webquote.entity.PricerTest"/>
  <testcase name="calPmoqTest3" time="0.000" classname="com.avnet.emasia.webquote.entity.PricerTest"/>
  <testcase name="calPriceValidityDateTest2" time="0.000" classname="com.avnet.emasia.webquote.entity.PricerTest"/>
  <testcase name="isEffectivePricerTest" time="0.001" classname="com.avnet.emasia.webquote.entity.PricerTest"/>
  <testcase name="isCustomerMatchedTest3" time="0.001" classname="com.avnet.emasia.webquote.entity.PricerTest"/>
  <testcase name="isSalesCostTypeMatchedTest2" time="0.001" classname="com.avnet.emasia.webquote.entity.PricerTest"/>
  <testcase name="calPmoqTest0" time="0.000" classname="com.avnet.emasia.webquote.entity.PricerTest"/>
  <testcase name="isSalesCostTypeMatchedTest1" time="0.000" classname="com.avnet.emasia.webquote.entity.PricerTest"/>
  <testcase name="calPmoqTest1" time="0.004" classname="com.avnet.emasia.webquote.entity.PricerTest"/>
  <testcase name="isCustomerMatchedTest4" time="0.001" classname="com.avnet.emasia.webquote.entity.PricerTest"/>
  <testcase name="isCustomerMatchedTest2" time="0.000" classname="com.avnet.emasia.webquote.entity.PricerTest"/>
  <testcase name="calPriceValidityDateTest1" time="0.001" classname="com.avnet.emasia.webquote.entity.PricerTest"/>
  <testcase name="calPmoqTest2" time="0.002" classname="com.avnet.emasia.webquote.entity.PricerTest"/>
  <testcase name="calPmoqTest4" time="0.000" classname="com.avnet.emasia.webquote.entity.PricerTest"/>
</testsuite> <!-- com.avnet.emasia.webquote.entity.PricerTest -->
